# JRE version: OpenJDK Runtime Environment Microsoft-8035246 (17.0.8+7) (build 17.0.8+7-LTS)
# Java VM: OpenJDK 64-Bit Server VM Microsoft-8035246 (17.0.8+7-LTS, mixed mode, sharing, tiered, compressed oops, compressed class ptrs, g1 gc, windows-amd64)
GC Precious Log:
 CPUs: 4 total, 4 available
 Memory: 12176M
 Large Page Support: Disabled
 NUMA Support: Disabled
 Compressed Oops: Enabled (32-bit)
 Heap Region Size: 1M
 Heap Min Capacity: 8M
 Heap Initial Capacity: 192M
 Heap Max Capacity: 2G
 Pre-touch: Disabled
 Parallel Workers: 4
 Concurrent Workers: 1
 Concurrent Refinement Workers: 4
 Periodic GC: Disabled
Heap:
 garbage-first heap   total 286720K, used 166591K [0x0000000080000000, 0x0000000100000000)
  region size 1024K, 17 young (17408K), 6 survivors (6144K)
 Metaspace       used 98212K, committed 99200K, reserved 557056K
  class space    used 13726K, committed 14208K, reserved 425984K
GC Heap History (20 events):
Event: 78.484 GC heap before
{Heap before GC invocations=45 (full 0):
 garbage-first heap   total 165888K, used 89769K [0x0000000080000000, 0x0000000100000000)
  region size 1024K, 8 young (8192K), 5 survivors (5120K)
 Metaspace       used 76964K, committed 77696K, reserved 557056K
  class space    used 10728K, committed 11072K, reserved 425984K
}
Event: 78.493 GC heap after
{Heap after GC invocations=46 (full 0):
 garbage-first heap   total 165888K, used 87230K [0x0000000080000000, 0x0000000100000000)
  region size 1024K, 1 young (1024K), 1 survivors (1024K)
 Metaspace       used 76964K, committed 77696K, reserved 557056K
  class space    used 10728K, committed 11072K, reserved 425984K
}
Event: 89.833 GC heap before
{Heap before GC invocations=46 (full 0):
 garbage-first heap   total 165888K, used 129214K [0x0000000080000000, 0x0000000100000000)
  region size 1024K, 42 young (43008K), 1 survivors (1024K)
 Metaspace       used 78492K, committed 79232K, reserved 557056K
  class space    used 10937K, committed 11264K, reserved 425984K
}
Event: 89.841 GC heap after
{Heap after GC invocations=47 (full 0):
 garbage-first heap   total 165888K, used 90018K [0x0000000080000000, 0x0000000100000000)
  region size 1024K, 4 young (4096K), 4 survivors (4096K)
 Metaspace       used 78492K, committed 79232K, reserved 557056K
  class space    used 10937K, committed 11264K, reserved 425984K
}
Event: 92.098 GC heap before
{Heap before GC invocations=47 (full 0):
 garbage-first heap   total 165888K, used 130978K [0x0000000080000000, 0x0000000100000000)
  region size 1024K, 44 young (45056K), 4 survivors (4096K)
 Metaspace       used 81092K, committed 81856K, reserved 557056K
  class space    used 11354K, committed 11712K, reserved 425984K
}
Event: 92.106 GC heap after
{Heap after GC invocations=48 (full 0):
 garbage-first heap   total 165888K, used 91381K [0x0000000080000000, 0x0000000100000000)
  region size 1024K, 2 young (2048K), 2 survivors (2048K)
 Metaspace       used 81092K, committed 81856K, reserved 557056K
  class space    used 11354K, committed 11712K, reserved 425984K
}
Event: 94.283 GC heap before
{Heap before GC invocations=48 (full 0):
 garbage-first heap   total 165888K, used 133365K [0x0000000080000000, 0x0000000100000000)
  region size 1024K, 43 young (44032K), 2 survivors (2048K)
 Metaspace       used 84022K, committed 84800K, reserved 557056K
  class space    used 11878K, committed 12224K, reserved 425984K
}
Event: 94.289 GC heap after
{Heap after GC invocations=49 (full 0):
 garbage-first heap   total 165888K, used 92594K [0x0000000080000000, 0x0000000100000000)
  region size 1024K, 3 young (3072K), 3 survivors (3072K)
 Metaspace       used 84022K, committed 84800K, reserved 557056K
  class space    used 11878K, committed 12224K, reserved 425984K
}
Event: 95.213 GC heap before
{Heap before GC invocations=49 (full 0):
 garbage-first heap   total 165888K, used 135602K [0x0000000080000000, 0x0000000100000000)
  region size 1024K, 45 young (46080K), 3 survivors (3072K)
 Metaspace       used 85917K, committed 86720K, reserved 557056K
  class space    used 12137K, committed 12480K, reserved 425984K
}
Event: 95.229 GC heap after
{Heap after GC invocations=50 (full 0):
 garbage-first heap   total 165888K, used 96194K [0x0000000080000000, 0x0000000100000000)
  region size 1024K, 6 young (6144K), 6 survivors (6144K)
 Metaspace       used 85917K, committed 86720K, reserved 557056K
  class space    used 12137K, committed 12480K, reserved 425984K
}
Event: 96.811 GC heap before
{Heap before GC invocations=50 (full 0):
 garbage-first heap   total 165888K, used 141250K [0x0000000080000000, 0x0000000100000000)
  region size 1024K, 46 young (47104K), 6 survivors (6144K)
 Metaspace       used 86878K, committed 87680K, reserved 557056K
  class space    used 12228K, committed 12608K, reserved 425984K
}
Event: 96.832 GC heap after
{Heap after GC invocations=51 (full 0):
 garbage-first heap   total 286720K, used 108512K [0x0000000080000000, 0x0000000100000000)
  region size 1024K, 6 young (6144K), 6 survivors (6144K)
 Metaspace       used 86878K, committed 87680K, reserved 557056K
  class space    used 12228K, committed 12608K, reserved 425984K
}
Event: 100.891 GC heap before
{Heap before GC invocations=51 (full 0):
 garbage-first heap   total 286720K, used 222176K [0x0000000080000000, 0x0000000100000000)
  region size 1024K, 115 young (117760K), 6 survivors (6144K)
 Metaspace       used 90650K, committed 91520K, reserved 557056K
  class space    used 12695K, committed 13120K, reserved 425984K
}
Event: 100.915 GC heap after
{Heap after GC invocations=52 (full 0):
 garbage-first heap   total 286720K, used 133120K [0x0000000080000000, 0x0000000100000000)
  region size 1024K, 15 young (15360K), 15 survivors (15360K)
 Metaspace       used 90650K, committed 91520K, reserved 557056K
  class space    used 12695K, committed 13120K, reserved 425984K
}
Event: 103.087 GC heap before
{Heap before GC invocations=52 (full 0):
 garbage-first heap   total 286720K, used 220160K [0x0000000080000000, 0x0000000100000000)
  region size 1024K, 100 young (102400K), 15 survivors (15360K)
 Metaspace       used 96082K, committed 97024K, reserved 557056K
  class space    used 13481K, committed 13952K, reserved 425984K
}
Event: 103.115 GC heap after
{Heap after GC invocations=53 (full 0):
 garbage-first heap   total 286720K, used 141195K [0x0000000080000000, 0x0000000100000000)
  region size 1024K, 7 young (7168K), 7 survivors (7168K)
 Metaspace       used 96082K, committed 97024K, reserved 557056K
  class space    used 13481K, committed 13952K, reserved 425984K
}
Event: 104.857 GC heap before
{Heap before GC invocations=53 (full 0):
 garbage-first heap   total 286720K, used 224139K [0x0000000080000000, 0x0000000100000000)
  region size 1024K, 89 young (91136K), 7 survivors (7168K)
 Metaspace       used 97626K, committed 98624K, reserved 557056K
  class space    used 13664K, committed 14144K, reserved 425984K
}
Event: 104.883 GC heap after
{Heap after GC invocations=54 (full 0):
 garbage-first heap   total 286720K, used 149976K [0x0000000080000000, 0x0000000100000000)
  region size 1024K, 8 young (8192K), 8 survivors (8192K)
 Metaspace       used 97626K, committed 98624K, reserved 557056K
  class space    used 13664K, committed 14144K, reserved 425984K
}
Event: 107.528 GC heap before
{Heap before GC invocations=54 (full 0):
 garbage-first heap   total 286720K, used 227800K [0x0000000080000000, 0x0000000100000000)
  region size 1024K, 85 young (87040K), 8 survivors (8192K)
 Metaspace       used 98210K, committed 99200K, reserved 557056K
  class space    used 13726K, committed 14208K, reserved 425984K
}
Event: 107.554 GC heap after
{Heap after GC invocations=55 (full 0):
 garbage-first heap   total 286720K, used 156351K [0x0000000080000000, 0x0000000100000000)
  region size 1024K, 6 young (6144K), 6 survivors (6144K)
 Metaspace       used 98210K, committed 99200K, reserved 557056K
  class space    used 13726K, committed 14208K, reserved 425984K
}

